<?xml version="1.0" encoding="UTF-8"?>
<testsuite xmlns:xsi="http://www.w3.org/2001/XMLSchema-instance" xsi:noNamespaceSchemaLocation="https://maven.apache.org/surefire/maven-surefire-plugin/xsd/surefire-test-report.xsd" name="ncu.ie.webdesign.DataBaseConnectionTest" time="1.386" tests="1" errors="0" skipped="0" failures="0">
  <properties>
    <property name="sun.desktop" value="windows"/>
    <property name="awt.toolkit" value="sun.awt.windows.WToolkit"/>
    <property name="file.encoding.pkg" value="sun.io"/>
    <property name="java.specification.version" value="1.8"/>
    <property name="sun.cpu.isalist" value="amd64"/>
    <property name="sun.jnu.encoding" value="GBK"/>
    <property name="java.class.path" value="C:\Users\93702\Desktop\bbs\target\test-classes;C:\Users\93702\Desktop\bbs\target\classes;D:\Develop\LocalMavenRepository\javax\servlet\javax.servlet-api\3.1.0\javax.servlet-api-3.1.0.jar;D:\Develop\LocalMavenRepository\org\json\json\20160810\json-20160810.jar;D:\Develop\LocalMavenRepository\mysql\mysql-connector-java\5.1.38\mysql-connector-java-5.1.38.jar;D:\Develop\LocalMavenRepository\junit\junit\4.11\junit-4.11.jar;D:\Develop\LocalMavenRepository\org\hamcrest\hamcrest-core\1.3\hamcrest-core-1.3.jar;"/>
    <property name="java.vm.vendor" value="Oracle Corporation"/>
    <property name="sun.arch.data.model" value="64"/>
    <property name="user.variant" value=""/>
    <property name="java.vendor.url" value="http://java.oracle.com/"/>
    <property name="user.timezone" value="Asia/Shanghai"/>
    <property name="java.vm.specification.version" value="1.8"/>
    <property name="os.name" value="Windows 10"/>
    <property name="user.country" value="CN"/>
    <property name="sun.java.launcher" value="SUN_STANDARD"/>
    <property name="sun.boot.library.path" value="D:\Developer Tools\JDK &amp; JRE\jdk1.8.0_201\jre\bin"/>
    <property name="sun.java.command" value="C:\Users\93702\AppData\Local\Temp\surefire345398923031151175\surefirebooter5774372357751534441.jar C:\Users\93702\AppData\Local\Temp\surefire345398923031151175 2019-12-14T18-35-41_935-jvmRun1 surefire5215874586408889630tmp surefire_07553195792854534098tmp"/>
    <property name="surefire.test.class.path" value="C:\Users\93702\Desktop\bbs\target\test-classes;C:\Users\93702\Desktop\bbs\target\classes;D:\Develop\LocalMavenRepository\javax\servlet\javax.servlet-api\3.1.0\javax.servlet-api-3.1.0.jar;D:\Develop\LocalMavenRepository\org\json\json\20160810\json-20160810.jar;D:\Develop\LocalMavenRepository\mysql\mysql-connector-java\5.1.38\mysql-connector-java-5.1.38.jar;D:\Develop\LocalMavenRepository\junit\junit\4.11\junit-4.11.jar;D:\Develop\LocalMavenRepository\org\hamcrest\hamcrest-core\1.3\hamcrest-core-1.3.jar;"/>
    <property name="sun.cpu.endian" value="little"/>
    <property name="user.home" value="C:\Users\93702"/>
    <property name="user.language" value="zh"/>
    <property name="java.specification.vendor" value="Oracle Corporation"/>
    <property name="java.home" value="D:\Developer Tools\JDK &amp; JRE\jdk1.8.0_201\jre"/>
    <property name="basedir" value="C:\Users\93702\Desktop\bbs"/>
    <property name="file.separator" value="\"/>
    <property name="line.separator" value="&#10;"/>
    <property name="java.vm.specification.vendor" value="Oracle Corporation"/>
    <property name="java.specification.name" value="Java Platform API Specification"/>
    <property name="java.awt.graphicsenv" value="sun.awt.Win32GraphicsEnvironment"/>
    <property name="surefire.real.class.path" value="C:\Users\93702\AppData\Local\Temp\surefire345398923031151175\surefirebooter5774372357751534441.jar"/>
    <property name="sun.boot.class.path" value="D:\Developer Tools\JDK &amp; JRE\jdk1.8.0_201\jre\lib\resources.jar;D:\Developer Tools\JDK &amp; JRE\jdk1.8.0_201\jre\lib\rt.jar;D:\Developer Tools\JDK &amp; JRE\jdk1.8.0_201\jre\lib\sunrsasign.jar;D:\Developer Tools\JDK &amp; JRE\jdk1.8.0_201\jre\lib\jsse.jar;D:\Developer Tools\JDK &amp; JRE\jdk1.8.0_201\jre\lib\jce.jar;D:\Developer Tools\JDK &amp; JRE\jdk1.8.0_201\jre\lib\charsets.jar;D:\Developer Tools\JDK &amp; JRE\jdk1.8.0_201\jre\lib\jfr.jar;D:\Developer Tools\JDK &amp; JRE\jdk1.8.0_201\jre\classes"/>
    <property name="user.script" value=""/>
    <property name="sun.management.compiler" value="HotSpot 64-Bit Tiered Compilers"/>
    <property name="java.runtime.version" value="1.8.0_201-b09"/>
    <property name="user.name" value="93702"/>
    <property name="path.separator" value=";"/>
    <property name="os.version" value="10.0"/>
    <property name="java.endorsed.dirs" value="D:\Developer Tools\JDK &amp; JRE\jdk1.8.0_201\jre\lib\endorsed"/>
    <property name="java.runtime.name" value="Java(TM) SE Runtime Environment"/>
    <property name="file.encoding" value="GBK"/>
    <property name="java.vm.name" value="Java HotSpot(TM) 64-Bit Server VM"/>
    <property name="localRepository" value="D:\Develop\LocalMavenRepository"/>
    <property name="java.vendor.url.bug" value="http://bugreport.sun.com/bugreport/"/>
    <property name="java.io.tmpdir" value="C:\Users\93702\AppData\Local\Temp\"/>
    <property name="java.version" value="1.8.0_201"/>
    <property name="user.dir" value="C:\Users\93702\Desktop\bbs"/>
    <property name="os.arch" value="amd64"/>
    <property name="java.vm.specification.name" value="Java Virtual Machine Specification"/>
    <property name="java.awt.printerjob" value="sun.awt.windows.WPrinterJob"/>
    <property name="sun.os.patch.level" value=""/>
    <property name="java.library.path" value="D:\Developer Tools\JDK &amp; JRE\jdk1.8.0_201\jre\bin;C:\Windows\Sun\Java\bin;C:\Windows\system32;C:\Windows;D:\Developer Tools\XFtp 6\;D:\Developer Tools\XShell 6\;C:\Windows\system32;C:\Windows;C:\Windows\System32\Wbem;C:\Windows\System32\WindowsPowerShell\v1.0\;C:\Windows\System32\OpenSSH\;C:\Program Files (x86)\NVIDIA Corporation\PhysX\Common;C:\Program Files\NVIDIA Corporation\NVIDIA NvDLISR;D:\Developer Tools\JDK &amp; JRE\jdk1.8.0_201\bin;D:\Developer Tools\Apache-Tomcat-8.5.43\bin;C:\Program Files\Git\cmd;D:\Developer Tools\Apache-Maven-3.6.1\bin;D:\Developer Tools\MySQL 5.7\bin;C:\Program Files\MySQL\MySQL Server 5.7\bin;D:\Developer Tools\Redis-3.2.100;D:\Developer Tools\node.js\;C:\Users\93702\AppData\Roaming\npm\;C:\Program Files\MySQL\MySQL Shell 8.0\bin\;D:\Developer Tools\WebStorm 2019.2.4\bin;;C:\Users\93702\AppData\Roaming\npm;."/>
    <property name="java.vm.info" value="mixed mode"/>
    <property name="java.vendor" value="Oracle Corporation"/>
    <property name="java.vm.version" value="25.201-b09"/>
    <property name="idea.version2019.3" value="true"/>
    <property name="java.ext.dirs" value="D:\Developer Tools\JDK &amp; JRE\jdk1.8.0_201\jre\lib\ext;C:\Windows\Sun\Java\lib\ext"/>
    <property name="sun.io.unicode.encoding" value="UnicodeLittle"/>
    <property name="maven.repo.local" value="D:\Develop\LocalMavenRepository"/>
    <property name="java.class.version" value="52.0"/>
  </properties>
  <testcase name="tableAccountTest" classname="ncu.ie.webdesign.DataBaseConnectionTest" time="1.356"/>
</testsuite>